<?xml version="1.0" encoding="UTF-8"?>
<!-- Generated by org.testng.reporters.JUnitReportReporter -->
<testsuite skipped="0" hostname="tsimafeyeu" name="VkTest" tests="3" failures="0" timestamp="11 июл 2019 21:13:38 GMT" time="31.834" errors="0">
  <testcase name="postMessageTest" time="5.763" classname="VkTest"/>
  <testcase name="deleteMessageTest" time="15.066" classname="VkTest"/>
  <testcase name="editMessageTest" time="11.005" classname="VkTest"/>
</testsuite> <!-- VkTest -->
